* installing *source* package ‘volesti’ ...
** libs
g++ -std=gnu++11 -I/usr/share/R/include -DNDEBUG -Iexternal/lpsolve/headers/run_headers -Iexternal/minimum_ellipsoid -Iinclude -Iinclude/volume -Iinclude/lp_oracles -Iinclude/generators -Iinclude/samplers -Iinclude/annealing -Iinclude/convex_bodies -I"/home/tolis/R/x86_64-pc-linux-gnu-library/3.4/Rcpp/include" -I"/home/tolis/R/x86_64-pc-linux-gnu-library/3.4/RcppEigen/include" -I"/home/tolis/R/x86_64-pc-linux-gnu-library/3.4/BH/include"   -DBOOST_NO_AUTO_PTR -fpic  -g -O2 -fstack-protector-strong -Wformat -Werror=format-security -Wdate-time -D_FORTIFY_SOURCE=2 -g -c RcppExports.cpp -o RcppExports.o
g++ -std=gnu++11 -I/usr/share/R/include -DNDEBUG -Iexternal/lpsolve/headers/run_headers -Iexternal/minimum_ellipsoid -Iinclude -Iinclude/volume -Iinclude/lp_oracles -Iinclude/generators -Iinclude/samplers -Iinclude/annealing -Iinclude/convex_bodies -I"/home/tolis/R/x86_64-pc-linux-gnu-library/3.4/Rcpp/include" -I"/home/tolis/R/x86_64-pc-linux-gnu-library/3.4/RcppEigen/include" -I"/home/tolis/R/x86_64-pc-linux-gnu-library/3.4/BH/include"   -DBOOST_NO_AUTO_PTR -fpic  -g -O2 -fstack-protector-strong -Wformat -Werror=format-security -Wdate-time -D_FORTIFY_SOURCE=2 -g -c copula.cpp -o copula.o
In file included from /home/tolis/R/x86_64-pc-linux-gnu-library/3.4/BH/include/boost/random/detail/integer_log2.hpp:19:0,
                 from /home/tolis/R/x86_64-pc-linux-gnu-library/3.4/BH/include/boost/random/detail/large_arithmetic.hpp:19,
                 from /home/tolis/R/x86_64-pc-linux-gnu-library/3.4/BH/include/boost/random/detail/const_mod.hpp:23,
                 from /home/tolis/R/x86_64-pc-linux-gnu-library/3.4/BH/include/boost/random/linear_congruential.hpp:30,
                 from /home/tolis/R/x86_64-pc-linux-gnu-library/3.4/BH/include/boost/random/additive_combine.hpp:27,
                 from /home/tolis/R/x86_64-pc-linux-gnu-library/3.4/BH/include/boost/random.hpp:36,
                 from copula.cpp:15:
/home/tolis/R/x86_64-pc-linux-gnu-library/3.4/BH/include/boost/pending/integer_log2.hpp:7:89: note: #pragma message: This header is deprecated. Use <boost/integer/integer_log2.hpp> instead.
g++ -std=gnu++11 -I/usr/share/R/include -DNDEBUG -Iexternal/lpsolve/headers/run_headers -Iexternal/minimum_ellipsoid -Iinclude -Iinclude/volume -Iinclude/lp_oracles -Iinclude/generators -Iinclude/samplers -Iinclude/annealing -Iinclude/convex_bodies -I"/home/tolis/R/x86_64-pc-linux-gnu-library/3.4/Rcpp/include" -I"/home/tolis/R/x86_64-pc-linux-gnu-library/3.4/RcppEigen/include" -I"/home/tolis/R/x86_64-pc-linux-gnu-library/3.4/BH/include"   -DBOOST_NO_AUTO_PTR -fpic  -g -O2 -fstack-protector-strong -Wformat -Werror=format-security -Wdate-time -D_FORTIFY_SOURCE=2 -g -c direct_sampling.cpp -o direct_sampling.o
In file included from /home/tolis/R/x86_64-pc-linux-gnu-library/3.4/BH/include/boost/random/detail/integer_log2.hpp:19:0,
                 from /home/tolis/R/x86_64-pc-linux-gnu-library/3.4/BH/include/boost/random/detail/large_arithmetic.hpp:19,
                 from /home/tolis/R/x86_64-pc-linux-gnu-library/3.4/BH/include/boost/random/detail/const_mod.hpp:23,
                 from /home/tolis/R/x86_64-pc-linux-gnu-library/3.4/BH/include/boost/random/linear_congruential.hpp:30,
                 from /home/tolis/R/x86_64-pc-linux-gnu-library/3.4/BH/include/boost/random/additive_combine.hpp:27,
                 from /home/tolis/R/x86_64-pc-linux-gnu-library/3.4/BH/include/boost/random.hpp:36,
                 from direct_sampling.cpp:14:
/home/tolis/R/x86_64-pc-linux-gnu-library/3.4/BH/include/boost/pending/integer_log2.hpp:7:89: note: #pragma message: This header is deprecated. Use <boost/integer/integer_log2.hpp> instead.
g++ -std=gnu++11 -I/usr/share/R/include -DNDEBUG -Iexternal/lpsolve/headers/run_headers -Iexternal/minimum_ellipsoid -Iinclude -Iinclude/volume -Iinclude/lp_oracles -Iinclude/generators -Iinclude/samplers -Iinclude/annealing -Iinclude/convex_bodies -I"/home/tolis/R/x86_64-pc-linux-gnu-library/3.4/Rcpp/include" -I"/home/tolis/R/x86_64-pc-linux-gnu-library/3.4/RcppEigen/include" -I"/home/tolis/R/x86_64-pc-linux-gnu-library/3.4/BH/include"   -DBOOST_NO_AUTO_PTR -fpic  -g -O2 -fstack-protector-strong -Wformat -Werror=format-security -Wdate-time -D_FORTIFY_SOURCE=2 -g -c exact_vol.cpp -o exact_vol.o
In file included from /home/tolis/R/x86_64-pc-linux-gnu-library/3.4/BH/include/boost/random/detail/integer_log2.hpp:19:0,
                 from /home/tolis/R/x86_64-pc-linux-gnu-library/3.4/BH/include/boost/random/detail/large_arithmetic.hpp:19,
                 from /home/tolis/R/x86_64-pc-linux-gnu-library/3.4/BH/include/boost/random/detail/const_mod.hpp:23,
                 from /home/tolis/R/x86_64-pc-linux-gnu-library/3.4/BH/include/boost/random/linear_congruential.hpp:30,
                 from /home/tolis/R/x86_64-pc-linux-gnu-library/3.4/BH/include/boost/random/additive_combine.hpp:27,
                 from /home/tolis/R/x86_64-pc-linux-gnu-library/3.4/BH/include/boost/random.hpp:36,
                 from exact_vol.cpp:12:
/home/tolis/R/x86_64-pc-linux-gnu-library/3.4/BH/include/boost/pending/integer_log2.hpp:7:89: note: #pragma message: This header is deprecated. Use <boost/integer/integer_log2.hpp> instead.
g++ -std=gnu++11 -I/usr/share/R/include -DNDEBUG -Iexternal/lpsolve/headers/run_headers -Iexternal/minimum_ellipsoid -Iinclude -Iinclude/volume -Iinclude/lp_oracles -Iinclude/generators -Iinclude/samplers -Iinclude/annealing -Iinclude/convex_bodies -I"/home/tolis/R/x86_64-pc-linux-gnu-library/3.4/Rcpp/include" -I"/home/tolis/R/x86_64-pc-linux-gnu-library/3.4/RcppEigen/include" -I"/home/tolis/R/x86_64-pc-linux-gnu-library/3.4/BH/include"   -DBOOST_NO_AUTO_PTR -fpic  -g -O2 -fstack-protector-strong -Wformat -Werror=format-security -Wdate-time -D_FORTIFY_SOURCE=2 -g -c frustum_of_simplex.cpp -o frustum_of_simplex.o
g++ -std=gnu++11 -I/usr/share/R/include -DNDEBUG -Iexternal/lpsolve/headers/run_headers -Iexternal/minimum_ellipsoid -Iinclude -Iinclude/volume -Iinclude/lp_oracles -Iinclude/generators -Iinclude/samplers -Iinclude/annealing -Iinclude/convex_bodies -I"/home/tolis/R/x86_64-pc-linux-gnu-library/3.4/Rcpp/include" -I"/home/tolis/R/x86_64-pc-linux-gnu-library/3.4/RcppEigen/include" -I"/home/tolis/R/x86_64-pc-linux-gnu-library/3.4/BH/include"   -DBOOST_NO_AUTO_PTR -fpic  -g -O2 -fstack-protector-strong -Wformat -Werror=format-security -Wdate-time -D_FORTIFY_SOURCE=2 -g -c inner_ball.cpp -o inner_ball.o
In file included from /home/tolis/R/x86_64-pc-linux-gnu-library/3.4/BH/include/boost/random/detail/integer_log2.hpp:19:0,
                 from /home/tolis/R/x86_64-pc-linux-gnu-library/3.4/BH/include/boost/random/detail/large_arithmetic.hpp:19,
                 from /home/tolis/R/x86_64-pc-linux-gnu-library/3.4/BH/include/boost/random/detail/const_mod.hpp:23,
                 from /home/tolis/R/x86_64-pc-linux-gnu-library/3.4/BH/include/boost/random/linear_congruential.hpp:30,
                 from /home/tolis/R/x86_64-pc-linux-gnu-library/3.4/BH/include/boost/random/additive_combine.hpp:27,
                 from /home/tolis/R/x86_64-pc-linux-gnu-library/3.4/BH/include/boost/random.hpp:36,
                 from inner_ball.cpp:10:
/home/tolis/R/x86_64-pc-linux-gnu-library/3.4/BH/include/boost/pending/integer_log2.hpp:7:89: note: #pragma message: This header is deprecated. Use <boost/integer/integer_log2.hpp> instead.
g++ -std=gnu++11 -I/usr/share/R/include -DNDEBUG -Iexternal/lpsolve/headers/run_headers -Iexternal/minimum_ellipsoid -Iinclude -Iinclude/volume -Iinclude/lp_oracles -Iinclude/generators -Iinclude/samplers -Iinclude/annealing -Iinclude/convex_bodies -I"/home/tolis/R/x86_64-pc-linux-gnu-library/3.4/Rcpp/include" -I"/home/tolis/R/x86_64-pc-linux-gnu-library/3.4/RcppEigen/include" -I"/home/tolis/R/x86_64-pc-linux-gnu-library/3.4/BH/include"   -DBOOST_NO_AUTO_PTR -fpic  -g -O2 -fstack-protector-strong -Wformat -Werror=format-security -Wdate-time -D_FORTIFY_SOURCE=2 -g -c poly_gen.cpp -o poly_gen.o
In file included from /home/tolis/R/x86_64-pc-linux-gnu-library/3.4/BH/include/boost/random/detail/integer_log2.hpp:19:0,
                 from /home/tolis/R/x86_64-pc-linux-gnu-library/3.4/BH/include/boost/random/detail/large_arithmetic.hpp:19,
                 from /home/tolis/R/x86_64-pc-linux-gnu-library/3.4/BH/include/boost/random/detail/const_mod.hpp:23,
                 from /home/tolis/R/x86_64-pc-linux-gnu-library/3.4/BH/include/boost/random/linear_congruential.hpp:30,
                 from /home/tolis/R/x86_64-pc-linux-gnu-library/3.4/BH/include/boost/random/additive_combine.hpp:27,
                 from /home/tolis/R/x86_64-pc-linux-gnu-library/3.4/BH/include/boost/random.hpp:36,
                 from poly_gen.cpp:14:
/home/tolis/R/x86_64-pc-linux-gnu-library/3.4/BH/include/boost/pending/integer_log2.hpp:7:89: note: #pragma message: This header is deprecated. Use <boost/integer/integer_log2.hpp> instead.
g++ -std=gnu++11 -I/usr/share/R/include -DNDEBUG -Iexternal/lpsolve/headers/run_headers -Iexternal/minimum_ellipsoid -Iinclude -Iinclude/volume -Iinclude/lp_oracles -Iinclude/generators -Iinclude/samplers -Iinclude/annealing -Iinclude/convex_bodies -I"/home/tolis/R/x86_64-pc-linux-gnu-library/3.4/Rcpp/include" -I"/home/tolis/R/x86_64-pc-linux-gnu-library/3.4/RcppEigen/include" -I"/home/tolis/R/x86_64-pc-linux-gnu-library/3.4/BH/include"   -DBOOST_NO_AUTO_PTR -fpic  -g -O2 -fstack-protector-strong -Wformat -Werror=format-security -Wdate-time -D_FORTIFY_SOURCE=2 -g -c polytopes_modules.cpp -o polytopes_modules.o
g++ -std=gnu++11 -I/usr/share/R/include -DNDEBUG -Iexternal/lpsolve/headers/run_headers -Iexternal/minimum_ellipsoid -Iinclude -Iinclude/volume -Iinclude/lp_oracles -Iinclude/generators -Iinclude/samplers -Iinclude/annealing -Iinclude/convex_bodies -I"/home/tolis/R/x86_64-pc-linux-gnu-library/3.4/Rcpp/include" -I"/home/tolis/R/x86_64-pc-linux-gnu-library/3.4/RcppEigen/include" -I"/home/tolis/R/x86_64-pc-linux-gnu-library/3.4/BH/include"   -DBOOST_NO_AUTO_PTR -fpic  -g -O2 -fstack-protector-strong -Wformat -Werror=format-security -Wdate-time -D_FORTIFY_SOURCE=2 -g -c rotating.cpp -o rotating.o
In file included from /home/tolis/R/x86_64-pc-linux-gnu-library/3.4/BH/include/boost/random/detail/integer_log2.hpp:19:0,
                 from /home/tolis/R/x86_64-pc-linux-gnu-library/3.4/BH/include/boost/random/detail/large_arithmetic.hpp:19,
                 from /home/tolis/R/x86_64-pc-linux-gnu-library/3.4/BH/include/boost/random/detail/const_mod.hpp:23,
                 from /home/tolis/R/x86_64-pc-linux-gnu-library/3.4/BH/include/boost/random/linear_congruential.hpp:30,
                 from /home/tolis/R/x86_64-pc-linux-gnu-library/3.4/BH/include/boost/random/additive_combine.hpp:27,
                 from /home/tolis/R/x86_64-pc-linux-gnu-library/3.4/BH/include/boost/random.hpp:36,
                 from rotating.cpp:14:
/home/tolis/R/x86_64-pc-linux-gnu-library/3.4/BH/include/boost/pending/integer_log2.hpp:7:89: note: #pragma message: This header is deprecated. Use <boost/integer/integer_log2.hpp> instead.
g++ -std=gnu++11 -I/usr/share/R/include -DNDEBUG -Iexternal/lpsolve/headers/run_headers -Iexternal/minimum_ellipsoid -Iinclude -Iinclude/volume -Iinclude/lp_oracles -Iinclude/generators -Iinclude/samplers -Iinclude/annealing -Iinclude/convex_bodies -I"/home/tolis/R/x86_64-pc-linux-gnu-library/3.4/Rcpp/include" -I"/home/tolis/R/x86_64-pc-linux-gnu-library/3.4/RcppEigen/include" -I"/home/tolis/R/x86_64-pc-linux-gnu-library/3.4/BH/include"   -DBOOST_NO_AUTO_PTR -fpic  -g -O2 -fstack-protector-strong -Wformat -Werror=format-security -Wdate-time -D_FORTIFY_SOURCE=2 -g -c rounding.cpp -o rounding.o
In file included from /home/tolis/R/x86_64-pc-linux-gnu-library/3.4/BH/include/boost/random/detail/integer_log2.hpp:19:0,
                 from /home/tolis/R/x86_64-pc-linux-gnu-library/3.4/BH/include/boost/random/detail/large_arithmetic.hpp:19,
                 from /home/tolis/R/x86_64-pc-linux-gnu-library/3.4/BH/include/boost/random/detail/const_mod.hpp:23,
                 from /home/tolis/R/x86_64-pc-linux-gnu-library/3.4/BH/include/boost/random/linear_congruential.hpp:30,
                 from /home/tolis/R/x86_64-pc-linux-gnu-library/3.4/BH/include/boost/random/additive_combine.hpp:27,
                 from /home/tolis/R/x86_64-pc-linux-gnu-library/3.4/BH/include/boost/random.hpp:36,
                 from rounding.cpp:14:
/home/tolis/R/x86_64-pc-linux-gnu-library/3.4/BH/include/boost/pending/integer_log2.hpp:7:89: note: #pragma message: This header is deprecated. Use <boost/integer/integer_log2.hpp> instead.
g++ -std=gnu++11 -I/usr/share/R/include -DNDEBUG -Iexternal/lpsolve/headers/run_headers -Iexternal/minimum_ellipsoid -Iinclude -Iinclude/volume -Iinclude/lp_oracles -Iinclude/generators -Iinclude/samplers -Iinclude/annealing -Iinclude/convex_bodies -I"/home/tolis/R/x86_64-pc-linux-gnu-library/3.4/Rcpp/include" -I"/home/tolis/R/x86_64-pc-linux-gnu-library/3.4/RcppEigen/include" -I"/home/tolis/R/x86_64-pc-linux-gnu-library/3.4/BH/include"   -DBOOST_NO_AUTO_PTR -fpic  -g -O2 -fstack-protector-strong -Wformat -Werror=format-security -Wdate-time -D_FORTIFY_SOURCE=2 -g -c sample_points.cpp -o sample_points.o
In file included from /home/tolis/R/x86_64-pc-linux-gnu-library/3.4/BH/include/boost/random/detail/integer_log2.hpp:19:0,
                 from /home/tolis/R/x86_64-pc-linux-gnu-library/3.4/BH/include/boost/random/detail/large_arithmetic.hpp:19,
                 from /home/tolis/R/x86_64-pc-linux-gnu-library/3.4/BH/include/boost/random/detail/const_mod.hpp:23,
                 from /home/tolis/R/x86_64-pc-linux-gnu-library/3.4/BH/include/boost/random/linear_congruential.hpp:30,
                 from /home/tolis/R/x86_64-pc-linux-gnu-library/3.4/BH/include/boost/random/additive_combine.hpp:27,
                 from /home/tolis/R/x86_64-pc-linux-gnu-library/3.4/BH/include/boost/random.hpp:36,
                 from sample_points.cpp:14:
/home/tolis/R/x86_64-pc-linux-gnu-library/3.4/BH/include/boost/pending/integer_log2.hpp:7:89: note: #pragma message: This header is deprecated. Use <boost/integer/integer_log2.hpp> instead.
g++ -std=gnu++11 -I/usr/share/R/include -DNDEBUG -Iexternal/lpsolve/headers/run_headers -Iexternal/minimum_ellipsoid -Iinclude -Iinclude/volume -Iinclude/lp_oracles -Iinclude/generators -Iinclude/samplers -Iinclude/annealing -Iinclude/convex_bodies -I"/home/tolis/R/x86_64-pc-linux-gnu-library/3.4/Rcpp/include" -I"/home/tolis/R/x86_64-pc-linux-gnu-library/3.4/RcppEigen/include" -I"/home/tolis/R/x86_64-pc-linux-gnu-library/3.4/BH/include"   -DBOOST_NO_AUTO_PTR -fpic  -g -O2 -fstack-protector-strong -Wformat -Werror=format-security -Wdate-time -D_FORTIFY_SOURCE=2 -g -c volume.cpp -o volume.o
In file included from /home/tolis/R/x86_64-pc-linux-gnu-library/3.4/BH/include/boost/random/detail/integer_log2.hpp:19:0,
                 from /home/tolis/R/x86_64-pc-linux-gnu-library/3.4/BH/include/boost/random/detail/large_arithmetic.hpp:19,
                 from /home/tolis/R/x86_64-pc-linux-gnu-library/3.4/BH/include/boost/random/detail/const_mod.hpp:23,
                 from /home/tolis/R/x86_64-pc-linux-gnu-library/3.4/BH/include/boost/random/linear_congruential.hpp:30,
                 from /home/tolis/R/x86_64-pc-linux-gnu-library/3.4/BH/include/boost/random/additive_combine.hpp:27,
                 from /home/tolis/R/x86_64-pc-linux-gnu-library/3.4/BH/include/boost/random.hpp:36,
                 from volume.cpp:12:
/home/tolis/R/x86_64-pc-linux-gnu-library/3.4/BH/include/boost/pending/integer_log2.hpp:7:89: note: #pragma message: This header is deprecated. Use <boost/integer/integer_log2.hpp> instead.
