Determining if the pthread_create exist failed with the following output:
Change Dir: /home/tolis/Dropbox/R-project/volume_approximation/examples/CMakeFiles/CMakeTmp

Run Build Command:"/usr/bin/make" "cmTC_9fc0e/fast"
/usr/bin/make -f CMakeFiles/cmTC_9fc0e.dir/build.make CMakeFiles/cmTC_9fc0e.dir/build
make[1]: Entering directory '/home/tolis/Dropbox/R-project/volume_approximation/examples/CMakeFiles/CMakeTmp'
Building C object CMakeFiles/cmTC_9fc0e.dir/CheckSymbolExists.c.o
/usr/bin/cc    -o CMakeFiles/cmTC_9fc0e.dir/CheckSymbolExists.c.o   -c /home/tolis/Dropbox/R-project/volume_approximation/examples/CMakeFiles/CMakeTmp/CheckSymbolExists.c
Linking C executable cmTC_9fc0e
/usr/bin/cmake -E cmake_link_script CMakeFiles/cmTC_9fc0e.dir/link.txt --verbose=1
/usr/bin/cc      -rdynamic CMakeFiles/cmTC_9fc0e.dir/CheckSymbolExists.c.o  -o cmTC_9fc0e 
CMakeFiles/cmTC_9fc0e.dir/CheckSymbolExists.c.o: In function `main':
CheckSymbolExists.c:(.text+0x1b): undefined reference to `pthread_create'
collect2: error: ld returned 1 exit status
CMakeFiles/cmTC_9fc0e.dir/build.make:97: recipe for target 'cmTC_9fc0e' failed
make[1]: *** [cmTC_9fc0e] Error 1
make[1]: Leaving directory '/home/tolis/Dropbox/R-project/volume_approximation/examples/CMakeFiles/CMakeTmp'
Makefile:126: recipe for target 'cmTC_9fc0e/fast' failed
make: *** [cmTC_9fc0e/fast] Error 2

File /home/tolis/Dropbox/R-project/volume_approximation/examples/CMakeFiles/CMakeTmp/CheckSymbolExists.c:
/* */
#include <pthread.h>

int main(int argc, char** argv)
{
  (void)argv;
#ifndef pthread_create
  return ((int*)(&pthread_create))[argc];
#else
  (void)argc;
  return 0;
#endif
}

Determining if the function pthread_create exists in the pthreads failed with the following output:
Change Dir: /home/tolis/Dropbox/R-project/volume_approximation/examples/CMakeFiles/CMakeTmp

Run Build Command:"/usr/bin/make" "cmTC_fff41/fast"
/usr/bin/make -f CMakeFiles/cmTC_fff41.dir/build.make CMakeFiles/cmTC_fff41.dir/build
make[1]: Entering directory '/home/tolis/Dropbox/R-project/volume_approximation/examples/CMakeFiles/CMakeTmp'
Building C object CMakeFiles/cmTC_fff41.dir/CheckFunctionExists.c.o
/usr/bin/cc   -DCHECK_FUNCTION_EXISTS=pthread_create   -o CMakeFiles/cmTC_fff41.dir/CheckFunctionExists.c.o   -c /usr/share/cmake-3.10/Modules/CheckFunctionExists.c
Linking C executable cmTC_fff41
/usr/bin/cmake -E cmake_link_script CMakeFiles/cmTC_fff41.dir/link.txt --verbose=1
/usr/bin/cc  -DCHECK_FUNCTION_EXISTS=pthread_create    -rdynamic CMakeFiles/cmTC_fff41.dir/CheckFunctionExists.c.o  -o cmTC_fff41 -lpthreads 
/usr/bin/x86_64-linux-gnu-ld: cannot find -lpthreads
collect2: error: ld returned 1 exit status
CMakeFiles/cmTC_fff41.dir/build.make:97: recipe for target 'cmTC_fff41' failed
make[1]: *** [cmTC_fff41] Error 1
make[1]: Leaving directory '/home/tolis/Dropbox/R-project/volume_approximation/examples/CMakeFiles/CMakeTmp'
Makefile:126: recipe for target 'cmTC_fff41/fast' failed
make: *** [cmTC_fff41/fast] Error 2


